Using pre-set license
Built from '2021.1/china_unity/release' branch; Version is '2021.1.9f1c1 (a9c352b271d7) revision 11125586'; Using compiler version '192528614'; Build Type 'Release'
OS: 'Windows 10 Home China; OS build 19042.1052; Version 2009; 64bit' Language: 'zh' Physical Memory: 16126 MB
BatchMode: 1, IsHumanControllingUs: 0, StartBugReporterOnCrash: 0, Is64bit: 1, IsPro: 0

 COMMAND LINE ARGUMENTS:
D:\Unity 2021.1.9f1c1\Editor\Unity.exe
-adb2
-batchMode
-noUpm
-name
AssetImportWorker0
-projectPath
D:/workspace/Unity/2D-3DMode
-logFile
Logs/AssetImportWorker0.log
-srvPort
49802
Successfully changed project path to: D:/workspace/Unity/2D-3DMode
D:/workspace/Unity/2D-3DMode
Using Asset Import Pipeline V2.
Refreshing native plugins compatible for Editor in 79.60 ms, found 4 plugins.
Preloading 0 native plugins for Editor in 0.00 ms.
Initialize engine version: 2021.1.9f1c1 (a9c352b271d7)
[Subsystems] Discovering subsystems at path D:/Unity 2021.1.9f1c1/Editor/Data/Resources/UnitySubsystems
[Subsystems] Discovering subsystems at path D:/workspace/Unity/2D-3DMode/Assets
GfxDevice: creating device client; threaded=0; jobified=0
Direct3D:
    Version:  Direct3D 11.0 [level 11.1]
    Renderer: NVIDIA GeForce RTX 3060 Laptop GPU (ID=0x2560)
    Vendor:   NVIDIA
    VRAM:     6023 MB
    Driver:   27.21.14.6236
Initialize mono
Mono path[0] = 'D:/Unity 2021.1.9f1c1/Editor/Data/Managed'
Mono path[1] = 'D:/Unity 2021.1.9f1c1/Editor/Data/MonoBleedingEdge/lib/mono/unityjit'
Mono config path = 'D:/Unity 2021.1.9f1c1/Editor/Data/MonoBleedingEdge/etc'
Using monoOptions --debugger-agent=transport=dt_socket,embedding=1,server=y,suspend=n,address=127.0.0.1:56548
Begin MonoManager ReloadAssembly
Registering precompiled unity dll's ...
Register platform support module: D:/Unity 2021.1.9f1c1/Editor/Data/PlaybackEngines/WindowsStandaloneSupport/UnityEditor.WindowsStandalone.Extensions.dll
Registered in 0.000868 seconds.
Native extension for WindowsStandalone target not found
Refreshing native plugins compatible for Editor in 82.50 ms, found 4 plugins.
Preloading 0 native plugins for Editor in 0.00 ms.
Mono: successfully reloaded assembly
- Completed reload, in  0.732 seconds
Domain Reload Profiling:
	ReloadAssembly (732ms)
		BeginReloadAssembly (48ms)
			ExecutionOrderSort (0ms)
			DisableScriptedObjects (0ms)
			BackupInstance (0ms)
			ReleaseScriptingObjects (0ms)
			CreateAndSetChildDomain (1ms)
		EndReloadAssembly (362ms)
			LoadAssemblies (48ms)
			RebuildTransferFunctionScriptingTraits (0ms)
			SetupTypeCache (123ms)
			ReleaseScriptCaches (0ms)
			RebuildScriptCaches (22ms)
			SetupLoadedEditorAssemblies (184ms)
				LogAssemblyErrors (0ms)
				InitializePlatformSupportModulesInManaged (4ms)
				SetLoadedEditorAssemblies (0ms)
				RefreshPlugins (83ms)
				BeforeProcessingInitializeOnLoad (1ms)
				ProcessInitializeOnLoadAttributes (73ms)
				ProcessInitializeOnLoadMethodAttributes (23ms)
				AfterProcessingInitializeOnLoad (0ms)
				EditorAssembliesLoaded (0ms)
			ExecutionOrderSort2 (0ms)
			AwakeInstancesAfterBackupRestoration (0ms)
Platform modules already initialized, skipping
Registering precompiled user dll's ...
Registered in 0.004470 seconds.
Begin MonoManager ReloadAssembly
Symbol file LoadedFromMemory doesn't match image D:\workspace\Unity\2D-3DMode\Library\PackageCache\com.unity.visualscripting@1.6.1\Editor\VisualScripting.Core\Dependencies\YamlDotNet\Unity.VisualScripting.YamlDotNet.dll
Symbol file LoadedFromMemory doesn't match image D:\workspace\Unity\2D-3DMode\Library\PackageCache\com.unity.visualscripting@1.6.1\Editor\VisualScripting.Core\Dependencies\DotNetZip\Unity.VisualScripting.IonicZip.dll
Native extension for WindowsStandalone target not found
Refreshing native plugins compatible for Editor in 79.64 ms, found 4 plugins.
Preloading 0 native plugins for Editor in 0.00 ms.
Mono: successfully reloaded assembly
- Completed reload, in  0.930 seconds
Domain Reload Profiling:
	ReloadAssembly (930ms)
		BeginReloadAssembly (115ms)
			ExecutionOrderSort (0ms)
			DisableScriptedObjects (3ms)
			BackupInstance (0ms)
			ReleaseScriptingObjects (0ms)
			CreateAndSetChildDomain (16ms)
		EndReloadAssembly (773ms)
			LoadAssemblies (83ms)
			RebuildTransferFunctionScriptingTraits (0ms)
			SetupTypeCache (251ms)
			ReleaseScriptCaches (1ms)
			RebuildScriptCaches (43ms)
			SetupLoadedEditorAssemblies (333ms)
				LogAssemblyErrors (0ms)
				InitializePlatformSupportModulesInManaged (3ms)
				SetLoadedEditorAssemblies (0ms)
				RefreshPlugins (80ms)
				BeforeProcessingInitializeOnLoad (62ms)
				ProcessInitializeOnLoadAttributes (174ms)
				ProcessInitializeOnLoadMethodAttributes (12ms)
				AfterProcessingInitializeOnLoad (1ms)
				EditorAssembliesLoaded (0ms)
			ExecutionOrderSort2 (0ms)
			AwakeInstancesAfterBackupRestoration (5ms)
Platform modules already initialized, skipping
========================================================================
Worker process is ready to serve import requests
Launched and connected shader compiler UnityShaderCompiler.exe after 0.05 seconds
Refreshing native plugins compatible for Editor in 0.66 ms, found 4 plugins.
Preloading 0 native plugins for Editor in 0.00 ms.
Unloading 3675 Unused Serialized files (Serialized files now loaded: 0)
System memory in use before: 156.1 MB.
System memory in use after: 156.2 MB.

Unloading 35 unused Assets to reduce memory usage. Loaded Objects now: 4144.
Total: 2.327400 ms (FindLiveObjects: 0.226400 ms CreateObjectMapping: 0.068200 ms MarkObjects: 1.911300 ms  DeleteObjects: 0.120700 ms)

AssetImportParameters requested are different than current active one (requested -> active):
  custom:framework-win-MediaFoundation: 216162199b28c13a410421893ffa2e32 -> 
  custom:video-decoder-ogg-theora: a1e56fd34408186e4bbccfd4996cb3dc -> 
  custom:container-muxer-webm: aa71ff27fc2769a1b78a27578f13a17b -> 
  custom:container-demuxer-webm: 4f35f7cbe854078d1ac9338744f61a02 -> 
  custom:container-demuxer-ogg: 62fdf1f143b41e24485cea50d1cbac27 -> 
  custom:video-encoder-webm-vp8: eb34c28f22e8b96e1ab97ce403110664 -> 
  custom:video-codec-MediaFoundation-h265: 746d11721c4dcdbdad8f713fa42b33f4 -> 
  custom:video-decoder-webm-vp8: 9c59270c3fd7afecdb556c50c9e8de78 -> 
  custom:audio-decoder-ogg-vorbis: bf7c407c2cedff20999df2af8eb42d56 -> 
  custom:audio-encoder-webm-vorbis: bf7c407c2cedff20999df2af8eb42d56 -> 
========================================================================
Received Import Request.
  path: Assets/Sprites/Trigger.jpg
  artifactKey: Guid(1093ada0a3115724fad0170af89ee5b9) Importer(815301076,1909f56bfc062723c751e8b465ee728b)
Start importing Assets/Sprites/Trigger.jpg using Guid(1093ada0a3115724fad0170af89ee5b9) Importer(815301076,1909f56bfc062723c751e8b465ee728b)  -> (artifact id: 'c1e3bce09444d19957b028e10f8712e3') in 0.111605 seconds 
========================================================================
Received Import Request.
  Time since last request: 31.159326 seconds.
  path: Packages/com.unity.2d.animation/Editor/Assets/SkinningModule/Icons/Light/Weight_Slider@3x.png
  artifactKey: Guid(ec8214d7d416a8746bb342b71e8e4269) Importer(815301076,1909f56bfc062723c751e8b465ee728b)
Start importing Packages/com.unity.2d.animation/Editor/Assets/SkinningModule/Icons/Light/Weight_Slider@3x.png using Guid(ec8214d7d416a8746bb342b71e8e4269) Importer(815301076,1909f56bfc062723c751e8b465ee728b)  -> (artifact id: '7098f173332b594948529432ad5dc91f') in 0.015035 seconds 
========================================================================
Received Import Request.
  Time since last request: 0.000314 seconds.
  path: Packages/com.unity.2d.animation/Editor/Assets/SkinningModule/Icons/Light/Weight_Slider@4x.png
  artifactKey: Guid(4e494ad3b858ecf4fab63aae9075d43d) Importer(815301076,1909f56bfc062723c751e8b465ee728b)
Start importing Packages/com.unity.2d.animation/Editor/Assets/SkinningModule/Icons/Light/Weight_Slider@4x.png using Guid(4e494ad3b858ecf4fab63aae9075d43d) Importer(815301076,1909f56bfc062723c751e8b465ee728b)  -> (artifact id: 'eeb7c59f361d92ecfaf34d98fd34f9de') in 0.010616 seconds 
========================================================================
Received Import Request.
  Time since last request: 0.000178 seconds.
  path: Packages/com.unity.2d.animation/Editor/Assets/SkinningModule/Icons/Selected/Weight_Slider@4x.png
  artifactKey: Guid(ac47ed8ccc79cf04dae198b9cc5b3a6f) Importer(815301076,1909f56bfc062723c751e8b465ee728b)
Start importing Packages/com.unity.2d.animation/Editor/Assets/SkinningModule/Icons/Selected/Weight_Slider@4x.png using Guid(ac47ed8ccc79cf04dae198b9cc5b3a6f) Importer(815301076,1909f56bfc062723c751e8b465ee728b)  -> (artifact id: '0793ce966e28ad248f891f71362ecb25') in 0.014878 seconds 
========================================================================
Received Import Request.
  Time since last request: 0.000155 seconds.
  path: Packages/com.unity.2d.animation/Editor/Assets/SkinningModule/Icons/Selected/Weight_Slider@3x.png
  artifactKey: Guid(af73899d5803d99448134360f184f348) Importer(815301076,1909f56bfc062723c751e8b465ee728b)
Start importing Packages/com.unity.2d.animation/Editor/Assets/SkinningModule/Icons/Selected/Weight_Slider@3x.png using Guid(af73899d5803d99448134360f184f348) Importer(815301076,1909f56bfc062723c751e8b465ee728b)  -> (artifact id: '6a39e04c8a6dd3d4c40e3ced5d6a6073') in 0.008622 seconds 
========================================================================
Received Import Request.
  Time since last request: 48.701368 seconds.
  path: Assets/Shader/TransParant_Blue.mat
  artifactKey: Guid(46efa5f41e230dd42bc49a8ef7661d09) Importer(815301076,1909f56bfc062723c751e8b465ee728b)
Start importing Assets/Shader/TransParant_Blue.mat using Guid(46efa5f41e230dd42bc49a8ef7661d09) Importer(815301076,1909f56bfc062723c751e8b465ee728b)  -> (artifact id: '282003ca98b924c9e71258eb08faee3c') in 0.029793 seconds 
========================================================================
Received Prepare
Registering precompiled user dll's ...
Registered in 0.004570 seconds.
Begin MonoManager ReloadAssembly
Symbol file LoadedFromMemory doesn't match image D:\workspace\Unity\2D-3DMode\Library\PackageCache\com.unity.visualscripting@1.6.1\Editor\VisualScripting.Core\Dependencies\YamlDotNet\Unity.VisualScripting.YamlDotNet.dll
Symbol file LoadedFromMemory doesn't match image D:\workspace\Unity\2D-3DMode\Library\PackageCache\com.unity.visualscripting@1.6.1\Editor\VisualScripting.Core\Dependencies\DotNetZip\Unity.VisualScripting.IonicZip.dll
Native extension for WindowsStandalone target not found
Refreshing native plugins compatible for Editor in 0.71 ms, found 4 plugins.
Preloading 0 native plugins for Editor in 0.00 ms.
Mono: successfully reloaded assembly
- Completed reload, in  0.844 seconds
Domain Reload Profiling:
	ReloadAssembly (845ms)
		BeginReloadAssembly (113ms)
			ExecutionOrderSort (0ms)
			DisableScriptedObjects (4ms)
			BackupInstance (0ms)
			ReleaseScriptingObjects (0ms)
			CreateAndSetChildDomain (35ms)
		EndReloadAssembly (687ms)
			LoadAssemblies (88ms)
			RebuildTransferFunctionScriptingTraits (0ms)
			SetupTypeCache (266ms)
			ReleaseScriptCaches (1ms)
			RebuildScriptCaches (34ms)
			SetupLoadedEditorAssemblies (229ms)
				LogAssemblyErrors (0ms)
				InitializePlatformSupportModulesInManaged (3ms)
				SetLoadedEditorAssemblies (0ms)
				RefreshPlugins (1ms)
				BeforeProcessingInitializeOnLoad (47ms)
				ProcessInitializeOnLoadAttributes (168ms)
				ProcessInitializeOnLoadMethodAttributes (8ms)
				AfterProcessingInitializeOnLoad (2ms)
				EditorAssembliesLoaded (0ms)
			ExecutionOrderSort2 (0ms)
			AwakeInstancesAfterBackupRestoration (12ms)
Platform modules already initialized, skipping
Refreshing native plugins compatible for Editor in 0.69 ms, found 4 plugins.
Preloading 0 native plugins for Editor in 0.00 ms.
Unloading 3673 Unused Serialized files (Serialized files now loaded: 0)
System memory in use before: 162.6 MB.
System memory in use after: 162.8 MB.

Unloading 24 unused Assets to reduce memory usage. Loaded Objects now: 4270.
Total: 2.442800 ms (FindLiveObjects: 0.246100 ms CreateObjectMapping: 0.088100 ms MarkObjects: 2.013500 ms  DeleteObjects: 0.094100 ms)

AssetImportParameters requested are different than current active one (requested -> active):
  custom:framework-win-MediaFoundation: 216162199b28c13a410421893ffa2e32 -> 
  custom:video-decoder-ogg-theora: a1e56fd34408186e4bbccfd4996cb3dc -> 
  custom:container-muxer-webm: aa71ff27fc2769a1b78a27578f13a17b -> 
  custom:container-demuxer-webm: 4f35f7cbe854078d1ac9338744f61a02 -> 
  custom:container-demuxer-ogg: 62fdf1f143b41e24485cea50d1cbac27 -> 
  custom:video-encoder-webm-vp8: eb34c28f22e8b96e1ab97ce403110664 -> 
  custom:video-codec-MediaFoundation-h265: 746d11721c4dcdbdad8f713fa42b33f4 -> 
  custom:video-decoder-webm-vp8: 9c59270c3fd7afecdb556c50c9e8de78 -> 
  custom:audio-decoder-ogg-vorbis: bf7c407c2cedff20999df2af8eb42d56 -> 
  custom:audio-encoder-webm-vorbis: bf7c407c2cedff20999df2af8eb42d56 -> 
========================================================================
Received Import Request.
  Time since last request: 76.155720 seconds.
  path: Packages/com.unity.2d.sprite/Editor/ObjectMenuCreation/DefaultAssets/Textures/9-Sliced.png
  artifactKey: Guid(cc35afd292fc349128b36a291fb3a165) Importer(815301076,1909f56bfc062723c751e8b465ee728b)
Start importing Packages/com.unity.2d.sprite/Editor/ObjectMenuCreation/DefaultAssets/Textures/9-Sliced.png using Guid(cc35afd292fc349128b36a291fb3a165) Importer(815301076,1909f56bfc062723c751e8b465ee728b)  -> (artifact id: '331feff0a6598f48e30aa61a0216dc78') in 0.043538 seconds 
========================================================================
Received Import Request.
  Time since last request: 0.000235 seconds.
  path: Packages/com.unity.2d.animation/Editor/Assets/SkinningModule/Icons/Light/Bone@3x.png
  artifactKey: Guid(76beef9fdae7b48468ddf07d0400a374) Importer(815301076,1909f56bfc062723c751e8b465ee728b)
Start importing Packages/com.unity.2d.animation/Editor/Assets/SkinningModule/Icons/Light/Bone@3x.png using Guid(76beef9fdae7b48468ddf07d0400a374) Importer(815301076,1909f56bfc062723c751e8b465ee728b)  -> (artifact id: '60c154c895c9c3fe7ecee501c19b638d') in 0.007842 seconds 
========================================================================
Received Import Request.
  Time since last request: 0.000187 seconds.
  path: Packages/com.unity.2d.animation/Editor/Assets/SkinningModule/Icons/Light/Bone.png
  artifactKey: Guid(62ce01ddca719d34ea9648c586a7cc94) Importer(815301076,1909f56bfc062723c751e8b465ee728b)
Start importing Packages/com.unity.2d.animation/Editor/Assets/SkinningModule/Icons/Light/Bone.png using Guid(62ce01ddca719d34ea9648c586a7cc94) Importer(815301076,1909f56bfc062723c751e8b465ee728b)  -> (artifact id: '8e5238aabf2aed36e9607dc804d7fb3d') in 0.009229 seconds 
========================================================================
Received Import Request.
  Time since last request: 0.000141 seconds.
  path: Packages/com.unity.2d.animation/Editor/Assets/SkinningModule/Icons/Light/Bone@4x.png
  artifactKey: Guid(9125c204f566db048a92ebcb64d9d14a) Importer(815301076,1909f56bfc062723c751e8b465ee728b)
Start importing Packages/com.unity.2d.animation/Editor/Assets/SkinningModule/Icons/Light/Bone@4x.png using Guid(9125c204f566db048a92ebcb64d9d14a) Importer(815301076,1909f56bfc062723c751e8b465ee728b)  -> (artifact id: '72dceb9bdf0d0f7412812c68ba712c55') in 0.008010 seconds 
========================================================================
Received Import Request.
  Time since last request: 0.000160 seconds.
  path: Packages/com.unity.2d.animation/Editor/Assets/SkinningModule/Icons/Light/Bone@2x.png
  artifactKey: Guid(d6a44ab95b0def041a7929981a2c23a1) Importer(815301076,1909f56bfc062723c751e8b465ee728b)
Start importing Packages/com.unity.2d.animation/Editor/Assets/SkinningModule/Icons/Light/Bone@2x.png using Guid(d6a44ab95b0def041a7929981a2c23a1) Importer(815301076,1909f56bfc062723c751e8b465ee728b)  -> (artifact id: 'fc9133762b93ad66bb07fe948d789a5a') in 0.007702 seconds 
========================================================================
Received Import Request.
  Time since last request: 89.975060 seconds.
  path: Assets/Sprites/无标题_副本.bmp
  artifactKey: Guid(e2e8e67835dd7d34698daef6db7b4c80) Importer(815301076,1909f56bfc062723c751e8b465ee728b)
Start importing Assets/Sprites/无标题_副本.bmp using Guid(e2e8e67835dd7d34698daef6db7b4c80) Importer(815301076,1909f56bfc062723c751e8b465ee728b)  -> (artifact id: 'cdb7cac5922fd75ad09cb2d3316481b7') in 0.010078 seconds 
========================================================================
Received Prepare
Registering precompiled user dll's ...
Registered in 0.004268 seconds.
Begin MonoManager ReloadAssembly
Symbol file LoadedFromMemory doesn't match image D:\workspace\Unity\2D-3DMode\Library\PackageCache\com.unity.visualscripting@1.6.1\Editor\VisualScripting.Core\Dependencies\YamlDotNet\Unity.VisualScripting.YamlDotNet.dll
Symbol file LoadedFromMemory doesn't match image D:\workspace\Unity\2D-3DMode\Library\PackageCache\com.unity.visualscripting@1.6.1\Editor\VisualScripting.Core\Dependencies\DotNetZip\Unity.VisualScripting.IonicZip.dll
Native extension for WindowsStandalone target not found
Refreshing native plugins compatible for Editor in 0.69 ms, found 4 plugins.
Preloading 0 native plugins for Editor in 0.00 ms.
Mono: successfully reloaded assembly
- Completed reload, in  0.840 seconds
Domain Reload Profiling:
	ReloadAssembly (840ms)
		BeginReloadAssembly (114ms)
			ExecutionOrderSort (0ms)
			DisableScriptedObjects (5ms)
			BackupInstance (0ms)
			ReleaseScriptingObjects (0ms)
			CreateAndSetChildDomain (33ms)
		EndReloadAssembly (678ms)
			LoadAssemblies (87ms)
			RebuildTransferFunctionScriptingTraits (0ms)
			SetupTypeCache (261ms)
			ReleaseScriptCaches (1ms)
			RebuildScriptCaches (32ms)
			SetupLoadedEditorAssemblies (232ms)
				LogAssemblyErrors (0ms)
				InitializePlatformSupportModulesInManaged (3ms)
				SetLoadedEditorAssemblies (0ms)
				RefreshPlugins (1ms)
				BeforeProcessingInitializeOnLoad (48ms)
				ProcessInitializeOnLoadAttributes (170ms)
				ProcessInitializeOnLoadMethodAttributes (8ms)
				AfterProcessingInitializeOnLoad (2ms)
				EditorAssembliesLoaded (0ms)
			ExecutionOrderSort2 (0ms)
			AwakeInstancesAfterBackupRestoration (12ms)
Platform modules already initialized, skipping
Refreshing native plugins compatible for Editor in 0.95 ms, found 4 plugins.
Preloading 0 native plugins for Editor in 0.00 ms.
Unloading 3674 Unused Serialized files (Serialized files now loaded: 0)
System memory in use before: 165.5 MB.
System memory in use after: 165.6 MB.

Unloading 24 unused Assets to reduce memory usage. Loaded Objects now: 4370.
Total: 2.419000 ms (FindLiveObjects: 0.258500 ms CreateObjectMapping: 0.082100 ms MarkObjects: 1.978900 ms  DeleteObjects: 0.098100 ms)

AssetImportParameters requested are different than current active one (requested -> active):
  custom:framework-win-MediaFoundation: 216162199b28c13a410421893ffa2e32 -> 
  custom:video-decoder-ogg-theora: a1e56fd34408186e4bbccfd4996cb3dc -> 
  custom:container-muxer-webm: aa71ff27fc2769a1b78a27578f13a17b -> 
  custom:container-demuxer-webm: 4f35f7cbe854078d1ac9338744f61a02 -> 
  custom:container-demuxer-ogg: 62fdf1f143b41e24485cea50d1cbac27 -> 
  custom:video-encoder-webm-vp8: eb34c28f22e8b96e1ab97ce403110664 -> 
  custom:video-codec-MediaFoundation-h265: 746d11721c4dcdbdad8f713fa42b33f4 -> 
  custom:video-decoder-webm-vp8: 9c59270c3fd7afecdb556c50c9e8de78 -> 
  custom:audio-decoder-ogg-vorbis: bf7c407c2cedff20999df2af8eb42d56 -> 
  custom:audio-encoder-webm-vorbis: bf7c407c2cedff20999df2af8eb42d56 -> 
========================================================================
Received Import Request.
  Time since last request: 125.504410 seconds.
  path: Assets/Sprites/无标题_副本_.bmp
  artifactKey: Guid(b3878abe9cce9be498eeaead3c4e7a84) Importer(815301076,1909f56bfc062723c751e8b465ee728b)
Start importing Assets/Sprites/无标题_副本_.bmp using Guid(b3878abe9cce9be498eeaead3c4e7a84) Importer(815301076,1909f56bfc062723c751e8b465ee728b)  -> (artifact id: '58ecdde53f50de47d0f3447d65cfbdb8') in 0.043464 seconds 
========================================================================
Received Import Request.
  Time since last request: 142.329966 seconds.
  path: Assets/Sprites/无标题.bmp
  artifactKey: Guid(8066cc12f3ba3344fb05272b5f333f4d) Importer(815301076,1909f56bfc062723c751e8b465ee728b)
Start importing Assets/Sprites/无标题.bmp using Guid(8066cc12f3ba3344fb05272b5f333f4d) Importer(815301076,1909f56bfc062723c751e8b465ee728b)  -> (artifact id: '8a0db185a64af63fe0dad7fce9bccdd8') in 0.007947 seconds 
========================================================================
Received Import Request.
  Time since last request: 28.563235 seconds.
  path: Assets/Sprites/Trigger.bmp
  artifactKey: Guid(8066cc12f3ba3344fb05272b5f333f4d) Importer(815301076,1909f56bfc062723c751e8b465ee728b)
Start importing Assets/Sprites/Trigger.bmp using Guid(8066cc12f3ba3344fb05272b5f333f4d) Importer(815301076,1909f56bfc062723c751e8b465ee728b)  -> (artifact id: 'd87a5a5e2eb8cfd65d5e2183fbd05229') in 0.015308 seconds 
========================================================================
Received Import Request.
  Time since last request: 149.124370 seconds.
  path: Packages/com.unity.visualscripting/Editor/VisualScripting.State/EditorAssetResources/Icons/StateNodeFixedUpdate@16x.png
  artifactKey: Guid(d686c4a93359d4582a54c897d3df449e) Importer(815301076,1909f56bfc062723c751e8b465ee728b)
Start importing Packages/com.unity.visualscripting/Editor/VisualScripting.State/EditorAssetResources/Icons/StateNodeFixedUpdate@16x.png using Guid(d686c4a93359d4582a54c897d3df449e) Importer(815301076,1909f56bfc062723c751e8b465ee728b)  -> (artifact id: '90ba05f357ad827453854cb9a095b731') in 0.008853 seconds 
========================================================================
Received Import Request.
  Time since last request: 0.000231 seconds.
  path: Packages/com.unity.visualscripting/Editor/VisualScripting.State/EditorAssetResources/Icons/StateNodeFixedUpdate@32x.png
  artifactKey: Guid(3becfa57047314d3c852f4e5084b906b) Importer(815301076,1909f56bfc062723c751e8b465ee728b)
Start importing Packages/com.unity.visualscripting/Editor/VisualScripting.State/EditorAssetResources/Icons/StateNodeFixedUpdate@32x.png using Guid(3becfa57047314d3c852f4e5084b906b) Importer(815301076,1909f56bfc062723c751e8b465ee728b)  -> (artifact id: '9783bbaa10b084777879d3c27626c3d0') in 0.008728 seconds 
========================================================================
Received Import Request.
  Time since last request: 0.000148 seconds.
  path: Packages/com.unity.visualscripting/Editor/VisualScripting.State/EditorAssetResources/Icons/StateNodeUpdate@16x.png
  artifactKey: Guid(0bce08134314d49378deca25fe60be21) Importer(815301076,1909f56bfc062723c751e8b465ee728b)
Start importing Packages/com.unity.visualscripting/Editor/VisualScripting.State/EditorAssetResources/Icons/StateNodeUpdate@16x.png using Guid(0bce08134314d49378deca25fe60be21) Importer(815301076,1909f56bfc062723c751e8b465ee728b)  -> (artifact id: '08759dddd0e119e96baa8bbfb2d863fe') in 0.011983 seconds 
========================================================================
Received Import Request.
  Time since last request: 0.000166 seconds.
  path: Packages/com.unity.visualscripting/Editor/VisualScripting.State/EditorAssetResources/Icons/StateNodeUpdate@32x.png
  artifactKey: Guid(f1dbae4b1a045444b8279738392fe886) Importer(815301076,1909f56bfc062723c751e8b465ee728b)
Start importing Packages/com.unity.visualscripting/Editor/VisualScripting.State/EditorAssetResources/Icons/StateNodeUpdate@32x.png using Guid(f1dbae4b1a045444b8279738392fe886) Importer(815301076,1909f56bfc062723c751e8b465ee728b)  -> (artifact id: '3c4f51cf6521a6a4972b60d47e8e5742') in 0.006997 seconds 
========================================================================
Received Import Request.
  Time since last request: 0.000220 seconds.
  path: Packages/com.unity.collab-proxy/Editor/Collaborate/Assets/Icons/status-error-dark@2x.png
  artifactKey: Guid(a0fdac62174ca014b94a537688fc684d) Importer(815301076,1909f56bfc062723c751e8b465ee728b)
Start importing Packages/com.unity.collab-proxy/Editor/Collaborate/Assets/Icons/status-error-dark@2x.png using Guid(a0fdac62174ca014b94a537688fc684d) Importer(815301076,1909f56bfc062723c751e8b465ee728b)  -> (artifact id: 'e07d37ef23b96512d0ca51f2a3208d43') in 0.009977 seconds 
========================================================================
Received Import Request.
  Time since last request: 0.000150 seconds.
  path: Packages/com.unity.collab-proxy/Editor/Collaborate/Assets/Icons/status-error-dark.png
  artifactKey: Guid(8f169193df3d51042a705fa81fc46e72) Importer(815301076,1909f56bfc062723c751e8b465ee728b)
Start importing Packages/com.unity.collab-proxy/Editor/Collaborate/Assets/Icons/status-error-dark.png using Guid(8f169193df3d51042a705fa81fc46e72) Importer(815301076,1909f56bfc062723c751e8b465ee728b)  -> (artifact id: 'b9af294d61ec4bf5a70cdfe4af5b3cb5') in 0.006313 seconds 
========================================================================
Received Import Request.
  Time since last request: 0.007732 seconds.
  path: Packages/com.unity.collab-proxy/Editor/Collaborate/Assets/Icons/status-error-light.png
  artifactKey: Guid(8d3ab9b7cb3a1794a891374315d8305a) Importer(815301076,1909f56bfc062723c751e8b465ee728b)
Start importing Packages/com.unity.collab-proxy/Editor/Collaborate/Assets/Icons/status-error-light.png using Guid(8d3ab9b7cb3a1794a891374315d8305a) Importer(815301076,1909f56bfc062723c751e8b465ee728b)  -> (artifact id: '4d4816f43cdc543a324c3b97d968ef93') in 0.011483 seconds 
========================================================================
Received Import Request.
  Time since last request: 0.000162 seconds.
  path: Packages/com.unity.collab-proxy/Editor/Collaborate/Assets/Icons/status-error-light@2x.png
  artifactKey: Guid(b99e43bf99b3c954f91bde2ad0c1eac2) Importer(815301076,1909f56bfc062723c751e8b465ee728b)
Start importing Packages/com.unity.collab-proxy/Editor/Collaborate/Assets/Icons/status-error-light@2x.png using Guid(b99e43bf99b3c954f91bde2ad0c1eac2) Importer(815301076,1909f56bfc062723c751e8b465ee728b)  -> (artifact id: '69d87b4db76e6a63cc3594a09b47c91f') in 0.008840 seconds 
========================================================================
Received Import Request.
  Time since last request: 10.769846 seconds.
  path: Packages/com.unity.visualscripting/Editor/VisualScripting.Flow/EditorAssetResources/Icons/Types/Unity.VisualScripting.Distance@16x.png
  artifactKey: Guid(8eaf388737fd948da9d09422e95c0d29) Importer(815301076,1909f56bfc062723c751e8b465ee728b)
Start importing Packages/com.unity.visualscripting/Editor/VisualScripting.Flow/EditorAssetResources/Icons/Types/Unity.VisualScripting.Distance@16x.png using Guid(8eaf388737fd948da9d09422e95c0d29) Importer(815301076,1909f56bfc062723c751e8b465ee728b)  -> (artifact id: 'f4f830452bc52331c0b97fc9c48aefa8') in 0.008696 seconds 
========================================================================
Received Import Request.
  Time since last request: 0.000222 seconds.
  path: Packages/com.unity.visualscripting/Editor/VisualScripting.Flow/EditorAssetResources/Icons/Types/Unity.VisualScripting.Equal@16x.png
  artifactKey: Guid(214cd066ef69642dd943c35ba1b910a1) Importer(815301076,1909f56bfc062723c751e8b465ee728b)
Start importing Packages/com.unity.visualscripting/Editor/VisualScripting.Flow/EditorAssetResources/Icons/Types/Unity.VisualScripting.Equal@16x.png using Guid(214cd066ef69642dd943c35ba1b910a1) Importer(815301076,1909f56bfc062723c751e8b465ee728b)  -> (artifact id: '43a495259802783c29dd05cfa7e84de2') in 0.006006 seconds 
========================================================================
Received Import Request.
  Time since last request: 0.000162 seconds.
  path: Packages/com.unity.visualscripting/Editor/VisualScripting.Flow/EditorAssetResources/Icons/Types/Unity.VisualScripting.Equal@32x.png
  artifactKey: Guid(92f9f2d0cd2c44d8ca5c5774cb084d17) Importer(815301076,1909f56bfc062723c751e8b465ee728b)
Start importing Packages/com.unity.visualscripting/Editor/VisualScripting.Flow/EditorAssetResources/Icons/Types/Unity.VisualScripting.Equal@32x.png using Guid(92f9f2d0cd2c44d8ca5c5774cb084d17) Importer(815301076,1909f56bfc062723c751e8b465ee728b)  -> (artifact id: '572af7697990666a40ce552d993eabec') in 0.005943 seconds 
========================================================================
Received Import Request.
  Time since last request: 0.000197 seconds.
  path: Packages/com.unity.visualscripting/Editor/VisualScripting.Flow/EditorAssetResources/Icons/Types/Unity.VisualScripting.Distance@32x.png
  artifactKey: Guid(e0805d572de1a49c7b024b8528153470) Importer(815301076,1909f56bfc062723c751e8b465ee728b)
Start importing Packages/com.unity.visualscripting/Editor/VisualScripting.Flow/EditorAssetResources/Icons/Types/Unity.VisualScripting.Distance@32x.png using Guid(e0805d572de1a49c7b024b8528153470) Importer(815301076,1909f56bfc062723c751e8b465ee728b)  -> (artifact id: '30f89f2c289794a46f32efa190988784') in 0.005783 seconds 
========================================================================
Received Import Request.
  Time since last request: 0.000146 seconds.
  path: Packages/com.unity.visualscripting/Editor/VisualScripting.Flow/EditorAssetResources/Icons/Types/Unity.VisualScripting.DotProduct@16x.png
  artifactKey: Guid(41df3c7ab55a348d597c110aef2c40f0) Importer(815301076,1909f56bfc062723c751e8b465ee728b)
Start importing Packages/com.unity.visualscripting/Editor/VisualScripting.Flow/EditorAssetResources/Icons/Types/Unity.VisualScripting.DotProduct@16x.png using Guid(41df3c7ab55a348d597c110aef2c40f0) Importer(815301076,1909f56bfc062723c751e8b465ee728b)  -> (artifact id: '449bf5c17cb44af4851c8a558a29eb0a') in 0.005331 seconds 
========================================================================
Received Import Request.
  Time since last request: 0.000168 seconds.
  path: Packages/com.unity.visualscripting/Editor/VisualScripting.Flow/EditorAssetResources/Icons/Types/Unity.VisualScripting.Divide@32x.png
  artifactKey: Guid(d9ef9c00e555f477185a4982adbe861a) Importer(815301076,1909f56bfc062723c751e8b465ee728b)
Start importing Packages/com.unity.visualscripting/Editor/VisualScripting.Flow/EditorAssetResources/Icons/Types/Unity.VisualScripting.Divide@32x.png using Guid(d9ef9c00e555f477185a4982adbe861a) Importer(815301076,1909f56bfc062723c751e8b465ee728b)  -> (artifact id: '793a740e9837d5dccaff091b1a53efb0') in 0.005597 seconds 
========================================================================
Received Import Request.
  Time since last request: 0.000170 seconds.
  path: Packages/com.unity.visualscripting/Editor/VisualScripting.Flow/EditorAssetResources/Icons/Types/Unity.VisualScripting.Divide@16x.png
  artifactKey: Guid(d04a256fbdf43484e995b7926de0a6a9) Importer(815301076,1909f56bfc062723c751e8b465ee728b)
Start importing Packages/com.unity.visualscripting/Editor/VisualScripting.Flow/EditorAssetResources/Icons/Types/Unity.VisualScripting.Divide@16x.png using Guid(d04a256fbdf43484e995b7926de0a6a9) Importer(815301076,1909f56bfc062723c751e8b465ee728b)  -> (artifact id: '821c7362bfcff8601c999684c160882e') in 0.005850 seconds 
========================================================================
Received Import Request.
  Time since last request: 0.000129 seconds.
  path: Packages/com.unity.visualscripting/Editor/VisualScripting.Flow/EditorAssetResources/Icons/Types/Unity.VisualScripting.EqualityComparison@16x.png
  artifactKey: Guid(c3dc0e09de1254f1f81419cc493a7017) Importer(815301076,1909f56bfc062723c751e8b465ee728b)
Start importing Packages/com.unity.visualscripting/Editor/VisualScripting.Flow/EditorAssetResources/Icons/Types/Unity.VisualScripting.EqualityComparison@16x.png using Guid(c3dc0e09de1254f1f81419cc493a7017) Importer(815301076,1909f56bfc062723c751e8b465ee728b)  -> (artifact id: '3cfebcc37d7cba16a041d9e93c0332cc') in 0.005547 seconds 
========================================================================
Received Import Request.
  Time since last request: 0.000190 seconds.
  path: Packages/com.unity.visualscripting/Editor/VisualScripting.Flow/EditorAssetResources/Icons/Types/Unity.VisualScripting.DotProduct@32x.png
  artifactKey: Guid(46d4414d83bca4c28a23f030731c693f) Importer(815301076,1909f56bfc062723c751e8b465ee728b)
Start importing Packages/com.unity.visualscripting/Editor/VisualScripting.Flow/EditorAssetResources/Icons/Types/Unity.VisualScripting.DotProduct@32x.png using Guid(46d4414d83bca4c28a23f030731c693f) Importer(815301076,1909f56bfc062723c751e8b465ee728b)  -> (artifact id: '1fd1f34207ddc09f2e55ae4a4bfbece4') in 0.005551 seconds 
========================================================================
Received Prepare
Registering precompiled user dll's ...
Registered in 0.004356 seconds.
Begin MonoManager ReloadAssembly
Symbol file LoadedFromMemory doesn't match image D:\workspace\Unity\2D-3DMode\Library\PackageCache\com.unity.visualscripting@1.6.1\Editor\VisualScripting.Core\Dependencies\YamlDotNet\Unity.VisualScripting.YamlDotNet.dll
Symbol file LoadedFromMemory doesn't match image D:\workspace\Unity\2D-3DMode\Library\PackageCache\com.unity.visualscripting@1.6.1\Editor\VisualScripting.Core\Dependencies\DotNetZip\Unity.VisualScripting.IonicZip.dll
Native extension for WindowsStandalone target not found
Refreshing native plugins compatible for Editor in 0.63 ms, found 4 plugins.
Preloading 0 native plugins for Editor in 0.00 ms.
Mono: successfully reloaded assembly
- Completed reload, in  0.804 seconds
Domain Reload Profiling:
	ReloadAssembly (804ms)
		BeginReloadAssembly (98ms)
			ExecutionOrderSort (0ms)
			DisableScriptedObjects (6ms)
			BackupInstance (0ms)
			ReleaseScriptingObjects (0ms)
			CreateAndSetChildDomain (33ms)
		EndReloadAssembly (665ms)
			LoadAssemblies (78ms)
			RebuildTransferFunctionScriptingTraits (0ms)
			SetupTypeCache (256ms)
			ReleaseScriptCaches (1ms)
			RebuildScriptCaches (32ms)
			SetupLoadedEditorAssemblies (223ms)
				LogAssemblyErrors (0ms)
				InitializePlatformSupportModulesInManaged (3ms)
				SetLoadedEditorAssemblies (0ms)
				RefreshPlugins (1ms)
				BeforeProcessingInitializeOnLoad (49ms)
				ProcessInitializeOnLoadAttributes (160ms)
				ProcessInitializeOnLoadMethodAttributes (7ms)
				AfterProcessingInitializeOnLoad (2ms)
				EditorAssembliesLoaded (0ms)
			ExecutionOrderSort2 (0ms)
			AwakeInstancesAfterBackupRestoration (14ms)
Platform modules already initialized, skipping
Refreshing native plugins compatible for Editor in 0.65 ms, found 4 plugins.
Preloading 0 native plugins for Editor in 0.00 ms.
Unloading 3686 Unused Serialized files (Serialized files now loaded: 0)
System memory in use before: 173.9 MB.
System memory in use after: 174.1 MB.

Unloading 24 unused Assets to reduce memory usage. Loaded Objects now: 4673.
Total: 2.425500 ms (FindLiveObjects: 0.262900 ms CreateObjectMapping: 0.079300 ms MarkObjects: 1.991900 ms  DeleteObjects: 0.090600 ms)

AssetImportParameters requested are different than current active one (requested -> active):
  custom:framework-win-MediaFoundation: 216162199b28c13a410421893ffa2e32 -> 
  custom:video-decoder-ogg-theora: a1e56fd34408186e4bbccfd4996cb3dc -> 
  custom:container-muxer-webm: aa71ff27fc2769a1b78a27578f13a17b -> 
  custom:container-demuxer-webm: 4f35f7cbe854078d1ac9338744f61a02 -> 
  custom:container-demuxer-ogg: 62fdf1f143b41e24485cea50d1cbac27 -> 
  custom:video-encoder-webm-vp8: eb34c28f22e8b96e1ab97ce403110664 -> 
  custom:video-codec-MediaFoundation-h265: 746d11721c4dcdbdad8f713fa42b33f4 -> 
  custom:video-decoder-webm-vp8: 9c59270c3fd7afecdb556c50c9e8de78 -> 
  custom:audio-decoder-ogg-vorbis: bf7c407c2cedff20999df2af8eb42d56 -> 
  custom:audio-encoder-webm-vorbis: bf7c407c2cedff20999df2af8eb42d56 -> 
========================================================================
Received Import Request.
  Time since last request: 101.112337 seconds.
  path: Assets/Sprites/Trigger.bmp
  artifactKey: Guid(8066cc12f3ba3344fb05272b5f333f4d) Importer(815301076,1909f56bfc062723c751e8b465ee728b)
Start importing Assets/Sprites/Trigger.bmp using Guid(8066cc12f3ba3344fb05272b5f333f4d) Importer(815301076,1909f56bfc062723c751e8b465ee728b)  -> (artifact id: '14cb423e2bd94ed1af549962718526b3') in 0.040738 seconds 
========================================================================
Received Import Request.
  Time since last request: 127.093649 seconds.
  path: Assets/Sprites/Trigger.bmp
  artifactKey: Guid(8066cc12f3ba3344fb05272b5f333f4d) Importer(815301076,1909f56bfc062723c751e8b465ee728b)
Start importing Assets/Sprites/Trigger.bmp using Guid(8066cc12f3ba3344fb05272b5f333f4d) Importer(815301076,1909f56bfc062723c751e8b465ee728b)  -> (artifact id: 'fa673edd3fae45b81631b1b87cead2e1') in 0.017443 seconds 
========================================================================
Received Import Request.
  Time since last request: 75.502975 seconds.
  path: Assets/Shader/New Material.mat
  artifactKey: Guid(66de42278baf2774aa9cd927c8e7cfd4) Importer(815301076,1909f56bfc062723c751e8b465ee728b)
Start importing Assets/Shader/New Material.mat using Guid(66de42278baf2774aa9cd927c8e7cfd4) Importer(815301076,1909f56bfc062723c751e8b465ee728b)  -> (artifact id: '69a6a4ba3d6f0a513a13aff0a46c4936') in 0.021889 seconds 
========================================================================
Received Import Request.
  Time since last request: 90.689099 seconds.
  path: Assets/Sprites/Trigger.bmp
  artifactKey: Guid(b3878abe9cce9be498eeaead3c4e7a84) Importer(815301076,1909f56bfc062723c751e8b465ee728b)
Start importing Assets/Sprites/Trigger.bmp using Guid(b3878abe9cce9be498eeaead3c4e7a84) Importer(815301076,1909f56bfc062723c751e8b465ee728b)  -> (artifact id: '5a1f1c92cf9032a6582af3bb5588c700') in 0.014266 seconds 
========================================================================
Received Import Request.
  Time since last request: 134.327517 seconds.
  path: Assets/Sprites/无标题_副本.bmp
  artifactKey: Guid(e2e8e67835dd7d34698daef6db7b4c80) Importer(815301076,1909f56bfc062723c751e8b465ee728b)
Start importing Assets/Sprites/无标题_副本.bmp using Guid(e2e8e67835dd7d34698daef6db7b4c80) Importer(815301076,1909f56bfc062723c751e8b465ee728b)  -> (artifact id: 'fdb6bb3debca1aa22a01470d250cebef') in 0.020210 seconds 
========================================================================
Received Import Request.
  Time since last request: 50.363634 seconds.
  path: Assets/Sprites/Trigger.bmp
  artifactKey: Guid(e2e8e67835dd7d34698daef6db7b4c80) Importer(815301076,1909f56bfc062723c751e8b465ee728b)
Start importing Assets/Sprites/Trigger.bmp using Guid(e2e8e67835dd7d34698daef6db7b4c80) Importer(815301076,1909f56bfc062723c751e8b465ee728b)  -> (artifact id: 'fc9ed2ce3bbca7749fbef6643d70a2b7') in 0.015579 seconds 
========================================================================
Received Prepare
Registering precompiled user dll's ...
Registered in 0.003848 seconds.
Begin MonoManager ReloadAssembly
Symbol file LoadedFromMemory doesn't match image D:\workspace\Unity\2D-3DMode\Library\PackageCache\com.unity.visualscripting@1.6.1\Editor\VisualScripting.Core\Dependencies\YamlDotNet\Unity.VisualScripting.YamlDotNet.dll
Symbol file LoadedFromMemory doesn't match image D:\workspace\Unity\2D-3DMode\Library\PackageCache\com.unity.visualscripting@1.6.1\Editor\VisualScripting.Core\Dependencies\DotNetZip\Unity.VisualScripting.IonicZip.dll
Native extension for WindowsStandalone target not found
Refreshing native plugins compatible for Editor in 0.63 ms, found 4 plugins.
Preloading 0 native plugins for Editor in 0.00 ms.
Mono: successfully reloaded assembly
- Completed reload, in  0.784 seconds
Domain Reload Profiling:
	ReloadAssembly (785ms)
		BeginReloadAssembly (104ms)
			ExecutionOrderSort (0ms)
			DisableScriptedObjects (7ms)
			BackupInstance (0ms)
			ReleaseScriptingObjects (0ms)
			CreateAndSetChildDomain (36ms)
		EndReloadAssembly (641ms)
			LoadAssemblies (77ms)
			RebuildTransferFunctionScriptingTraits (0ms)
			SetupTypeCache (245ms)
			ReleaseScriptCaches (1ms)
			RebuildScriptCaches (31ms)
			SetupLoadedEditorAssemblies (217ms)
				LogAssemblyErrors (0ms)
				InitializePlatformSupportModulesInManaged (3ms)
				SetLoadedEditorAssemblies (0ms)
				RefreshPlugins (1ms)
				BeforeProcessingInitializeOnLoad (44ms)
				ProcessInitializeOnLoadAttributes (161ms)
				ProcessInitializeOnLoadMethodAttributes (7ms)
				AfterProcessingInitializeOnLoad (2ms)
				EditorAssembliesLoaded (0ms)
			ExecutionOrderSort2 (0ms)
			AwakeInstancesAfterBackupRestoration (14ms)
Platform modules already initialized, skipping
Refreshing native plugins compatible for Editor in 0.65 ms, found 4 plugins.
Preloading 0 native plugins for Editor in 0.00 ms.
Unloading 3668 Unused Serialized files (Serialized files now loaded: 0)
System memory in use before: 175.3 MB.
System memory in use after: 175.5 MB.

Unloading 24 unused Assets to reduce memory usage. Loaded Objects now: 4752.
Total: 2.821400 ms (FindLiveObjects: 0.308500 ms CreateObjectMapping: 0.109200 ms MarkObjects: 2.292700 ms  DeleteObjects: 0.109900 ms)

AssetImportParameters requested are different than current active one (requested -> active):
  custom:framework-win-MediaFoundation: 216162199b28c13a410421893ffa2e32 -> 
  custom:video-decoder-ogg-theora: a1e56fd34408186e4bbccfd4996cb3dc -> 
  custom:container-muxer-webm: aa71ff27fc2769a1b78a27578f13a17b -> 
  custom:container-demuxer-webm: 4f35f7cbe854078d1ac9338744f61a02 -> 
  custom:container-demuxer-ogg: 62fdf1f143b41e24485cea50d1cbac27 -> 
  custom:video-encoder-webm-vp8: eb34c28f22e8b96e1ab97ce403110664 -> 
  custom:video-codec-MediaFoundation-h265: 746d11721c4dcdbdad8f713fa42b33f4 -> 
  custom:video-decoder-webm-vp8: 9c59270c3fd7afecdb556c50c9e8de78 -> 
  custom:audio-decoder-ogg-vorbis: bf7c407c2cedff20999df2af8eb42d56 -> 
  custom:audio-encoder-webm-vorbis: bf7c407c2cedff20999df2af8eb42d56 -> 
AssetImportWorkerClient::OnTransportError - code=2 error=End of file
